=== Merging SFT LoRA into Base Model ===
Loading base model: models/SmolVLM-Instruct
Loading LoRA adapter from: results/task2/sft_smolvlm_lora

------------------------------------------------------------
Sender: LSF System <lsfadmin@hpc.dtu.dk>
Subject: Job 28317110: <smol_sft_grpo> in cluster <dcc> Exited

Job <smol_sft_grpo> was submitted from host <hpclogin1> by user <s253740> in cluster <dcc> at Tue Apr 28 16:07:58 2026
Job was executed on host(s) <4*n-62-12-23>, in queue <gpua100>, as user <s253740> in cluster <dcc> at Wed Apr 29 18:14:51 2026
</zhome/0a/c/223821> was used as the home directory.
</dtu/blackhole/0d/223821/visual_debugger_project/ADLCV-Visual-Debugger> was used as the working directory.
Started at Wed Apr 29 18:14:51 2026
Terminated at Wed Apr 29 18:15:00 2026
Results reported at Wed Apr 29 18:15:00 2026

Your job looked like:

------------------------------------------------------------
# LSBATCH: User input
#!/usr/bin/env bash
#BSUB -J smol_sft_grpo
#BSUB -q gpua100
#BSUB -gpu "num=1:mode=exclusive_process"
#BSUB -n 2
#BSUB -R "span[hosts=1]"
#BSUB -R "rusage[mem=32GB]"
#BSUB -M 32GB
#BSUB -W 24:00
#BSUB -o logs/smol_sft_grpo_%J.out
#BSUB -e logs/smol_sft_grpo_%J.err

set -euo pipefail

source /dtu/blackhole/0d/223821/miniforge3/bin/activate
conda activate adlcv
module load cuda/12.8.1 || true

echo "=== Merging SFT LoRA into Base Model ==="
python src/task2/merge_adapters.py \
  --base_model models/SmolVLM-Instruct \
  --lora_model results/task2/sft_smolvlm_lora \
  --output_dir models/SmolVLM-SFT-Merged

echo "=== Starting GRPO Training on Merged Model ==="
python src/task2/train_grpo_trl_verifier.py \
  --train_jsonl results/task2/smolvlm_5k_verification_data.jsonl \
  --output_dir results/task2/grpo_smolvlm_sft_merged_lora \
  --model smolvlm \
  --model_path models/SmolVLM-SFT-Merged \
  --per_device_train_batch_size 1 \
  --gradient_accumulation_steps 4 \
  --num_generations 4 \
  --max_completion_length 64 \
  --lora_r 8 \
  --num_train_epochs 1.0
------------------------------------------------------------

Exited with exit code 1.

Resource usage summary:

    CPU time :                                   5.96 sec.
    Max Memory :                                 -
    Average Memory :                             -
    Total Requested Memory :                     131072.00 MB
    Delta Memory :                               -
    Max Swap :                                   -
    Max Processes :                              -
    Max Threads :                                -
    Run time :                                   9 sec.
    Turnaround time :                            94022 sec.

The output (if any) is above this job summary.



PS:

Read file <logs/smol_sft_grpo_28317110.err> for stderr output of this job.

