Initializing fresh LoRA adapters
trainable params: 10,536,960 || all params: 2,256,809,840 || trainable%: 0.4669
Loaded base model from models/SmolVLM-Instruct on cuda
Train samples: 3995 | Validation samples: 494
Epoch 1: train_loss=0.7668 , val_p/r/f1=0.8454/0.8260/0.8356
Saved final checkpoint to results/task2/sft_smolvlm_lora/final_checkpoint
Saved training curve to results/task2/sft_smolvlm_lora/curves_sft.json

------------------------------------------------------------
Sender: LSF System <lsfadmin@hpc.dtu.dk>
Subject: Job 28316226: <smol_sft> in cluster <dcc> Done

Job <smol_sft> was submitted from host <hpclogin1> by user <s253740> in cluster <dcc> at Tue Apr 28 15:36:12 2026
Job was executed on host(s) <4*n-62-12-22>, in queue <gpua100>, as user <s253740> in cluster <dcc> at Wed Apr 29 14:34:15 2026
</zhome/0a/c/223821> was used as the home directory.
</dtu/blackhole/0d/223821/visual_debugger_project/ADLCV-Visual-Debugger> was used as the working directory.
Started at Wed Apr 29 14:34:15 2026
Terminated at Wed Apr 29 15:44:47 2026
Results reported at Wed Apr 29 15:44:47 2026

Your job looked like:

------------------------------------------------------------
# LSBATCH: User input
#!/usr/bin/env bash
#BSUB -J smol_sft
#BSUB -q gpua100
#BSUB -gpu "num=1:mode=exclusive_process"
#BSUB -n 2
#BSUB -R "span[hosts=1]"
#BSUB -R "rusage[mem=32GB]"
#BSUB -M 32GB
#BSUB -W 12:00
#BSUB -o logs/smol_sft_%J.out
#BSUB -e logs/smol_sft_%J.err

set -euo pipefail

# Activate your environment
source /dtu/blackhole/0d/223821/miniforge3/bin/activate
conda activate adlcv
module load cuda/12.8.1 || true

# Launch SFT Training
python src/task2/train_sft_verifier.py \
  --train_jsonl results/task2/smolvlm_5k_verification_data.jsonl \
  --output_dir results/task2/sft_smolvlm_lora \
  --model_path models/SmolVLM-Instruct \
  --use_lora \
  --lora_r 8 \
  --epochs 1 \
  --batch_size 4 \
  --grad_accum_steps 2 \
  --slice_by_question_type
------------------------------------------------------------

Successfully completed.

Resource usage summary:

    CPU time :                                   5226.00 sec.
    Max Memory :                                 1870 MB
    Average Memory :                             1564.04 MB
    Total Requested Memory :                     131072.00 MB
    Delta Memory :                               129202.00 MB
    Max Swap :                                   -
    Max Processes :                              4
    Max Threads :                                17
    Run time :                                   4232 sec.
    Turnaround time :                            86915 sec.

The output (if any) is above this job summary.



PS:

Read file <logs/smol_sft_28316226.err> for stderr output of this job.

